[2015-10-30 19:00:09] START
[2015-10-30 19:00:28] EDIT preethi/controllers/default.py: 46
[2015-10-30 19:01:07] EDIT preethi/models/menu.py: -97
[2015-10-30 19:01:40] CREATE db1.py: 0
[2015-10-30 19:02:05] EDIT preethi/models/db1.py: 9
[2015-10-30 19:02:15] EDIT preethi/models/db1.py: 0
[2015-10-30 19:03:18] EDIT preethi/views/default/user.html: 0
[2015-10-30 19:03:57] EDIT preethi/views/default/index.html: -3
[2015-10-30 19:04:36] CREATE default/userpreference.html: 0
[2015-10-30 19:05:32] CREATE default/best_results.html.py: 0
[2015-10-30 19:06:27] CREATE default/best_results.html: 0
[2015-10-30 19:07:03] EDIT preethi/views/default/best_results.html: -2
[2015-10-30 19:07:43] EDIT preethi/controllers/default.py: 1
[2015-10-30 19:11:01] EDIT preethi/models/db.py: 4
[2015-10-30 19:11:58] EDIT preethi/controllers/default.py: 0
[2015-10-30 19:14:30] EDIT preethi/controllers/default.py: -1
[2015-10-30 19:15:19] EDIT preethi/views/default/userpreference.html: 1
[2015-10-30 19:30:27] EDIT preethi/views/default/index.html: 0
[2015-10-30 19:33:43] EDIT preethi/controllers/default.py: 5
[2015-10-30 19:33:59] EDIT preethi/views/default/index.html: 0
[2015-10-30 19:36:22] EDIT preethi/controllers/default.py: 3
[2015-10-30 19:38:34] EDIT preethi/controllers/default.py: 0
[2015-10-30 19:38:55] CREATE default/room.html: 0
[2015-10-30 19:40:12] EDIT preethi/views/default/room.html: 3
[2015-10-30 19:41:11] EDIT preethi/views/default/room.html: 0
[2015-10-30 19:41:37] EDIT preethi/views/default/room.html: 0
[2015-10-30 19:43:42] EDIT preethi/views/default/room.html: 0
[2015-10-30 19:44:23] EDIT preethi/controllers/default.py: 1
[2015-10-30 19:45:28] EDIT preethi/controllers/default.py: 0
[2015-10-30 19:47:01] EDIT preethi/controllers/default.py: 0
[2015-10-30 19:47:13] EDIT preethi/models/db.py: 0
[2015-10-30 19:47:16] EDIT preethi/views/default/index.html: 0
[2015-10-30 19:47:21] EDIT preethi/views/default/userpreference.html: 0
[2015-10-30 19:47:26] EDIT preethi/models/db1.py: 0
[2015-10-30 19:47:29] EDIT preethi/views/default/room.html: 0
[2015-10-30 20:42:27] EDIT preethi/views/default/room.html: -2
[2015-10-30 20:43:02] EDIT preethi/controllers/default.py: 1
[2015-10-30 20:43:32] EDIT preethi/controllers/default.py: 0
[2015-10-30 20:45:57] EDIT preethi/views/default/index.html: 0
[2015-10-30 20:46:16] EDIT preethi/views/default/index.html: 0
[2015-10-30 20:46:26] EDIT preethi/views/default/index.html: 0
[2015-10-30 20:49:06] EDIT preethi/views/default/index.html: 0
[2015-10-30 21:02:17] EDIT preethi/views/default/index.html: 0
[2015-10-30 21:03:05] EDIT preethi/views/default/index.html: 0
[2015-10-30 21:04:46] EDIT preethi/views/default/index.html: 0
[2015-10-30 21:05:10] EDIT preethi/views/default/index.html: 0
[2015-10-30 21:05:33] EDIT preethi/views/default/index.html: 0
[2015-10-30 21:08:39] EDIT preethi/views/default/index.html: 0
[2015-10-30 21:09:32] EDIT preethi/views/default/index.html: 0
[2015-10-30 21:17:38] EDIT preethi/views/default/index.html: 0
[2015-10-30 21:18:31] EDIT preethi/views/default/index.html: 0
[2015-10-30 21:18:55] EDIT preethi/views/default/index.html: 0
[2015-10-30 21:19:26] EDIT preethi/views/default/index.html: 0
[2015-10-30 21:24:11] EDIT preethi/controllers/default.py: 0
[2015-10-30 21:25:14] EDIT preethi/controllers/default.py: 0
[2015-10-30 21:27:32] EDIT preethi/controllers/default.py: 0
[2015-10-30 21:29:13] EDIT preethi/controllers/default.py: 0
[2015-10-30 21:31:20] EDIT preethi/views/default/index.html: 0
[2015-10-30 21:33:53] EDIT preethi/controllers/default.py: 1
[2015-10-30 21:34:32] EDIT preethi/controllers/default.py: 0
[2015-10-30 21:43:23] EDIT preethi/controllers/default.py: 1
[2015-10-30 21:44:44] EDIT preethi/views/default/index.html: 0
[2015-10-30 21:45:17] EDIT preethi/views/default/index.html: 0
[2015-10-30 21:48:29] EDIT preethi/views/default/index.html: 1
[2015-10-30 21:48:52] EDIT preethi/views/default/index.html: 0
[2015-10-30 21:49:16] EDIT preethi/views/default/index.html: 0
[2015-10-30 21:51:29] EDIT preethi/views/default/index.html: 0
[2015-10-30 21:52:27] EDIT preethi/views/default/index.html: 0
[2015-10-30 21:53:21] EDIT preethi/views/default/index.html: 0
[2015-10-30 21:54:00] EDIT preethi/views/default/index.html: 0
[2015-10-30 21:58:29] EDIT preethi/controllers/default.py: 0
[2015-10-30 21:58:47] EDIT preethi/controllers/default.py: 0
[2015-10-30 22:03:09] EDIT preethi/views/default/index.html: 0
[2015-10-30 22:04:20] EDIT preethi/views/default/index.html: 0
[2015-10-30 22:05:12] EDIT preethi/views/default/room.html: 3
[2015-10-30 22:13:18] EDIT preethi/models/db1.py: 3
[2015-10-30 22:13:32] EDIT preethi/models/db1.py: 0
[2015-10-30 22:15:19] EDIT preethi/models/db1.py: 1
[2015-10-30 22:18:01] EDIT preethi/models/db1.py: 0
[2015-10-30 22:21:36] EDIT preethi/views/default/room.html: 3
[2015-10-30 22:27:47] EDIT preethi/views/default/room.html: 25
[2015-10-30 22:34:58] EDIT preethi/views/default/room.html: 10
[2015-10-30 22:36:13] EDIT preethi/views/default/room.html: 2
[2015-10-30 22:36:30] EDIT preethi/views/default/room.html: 0
[2015-10-30 22:37:44] EDIT preethi/controllers/default.py: 0
[2015-10-30 22:39:49] EDIT preethi/views/default/room.html: 0
[2015-10-30 22:41:10] EDIT preethi/views/default/room.html: 0
[2015-10-30 22:42:07] EDIT preethi/views/default/room.html: 0
[2015-10-30 22:42:26] EDIT preethi/views/default/room.html: 0
[2015-10-30 22:43:13] EDIT preethi/views/default/room.html: 0
[2015-10-30 22:50:33] EDIT preethi/views/default/room.html: 0
[2015-10-30 23:03:47] EDIT preethi/controllers/default.py: 3
[2015-10-30 23:05:46] EDIT preethi/controllers/default.py: 0
[2015-10-30 23:08:20] EDIT preethi/controllers/default.py: 1
[2015-10-30 23:08:34] EDIT preethi/controllers/default.py: 1
[2015-10-30 23:08:55] EDIT preethi/controllers/default.py: 0
[2015-10-30 23:09:20] EDIT preethi/controllers/default.py: 0
[2015-10-30 23:10:07] EDIT preethi/controllers/default.py: 0
[2015-10-30 23:10:13] EDIT preethi/controllers/default.py: 0
[2015-10-30 23:12:53] EDIT preethi/controllers/default.py: 0
[2015-10-30 23:17:07] EDIT preethi/controllers/default.py: 0
[2015-10-30 23:17:41] EDIT preethi/controllers/default.py: 0
[2015-10-30 23:19:23] EDIT preethi/controllers/default.py: 1
[2015-10-30 23:20:06] EDIT preethi/controllers/default.py: 1
[2015-10-30 23:23:06] EDIT preethi/controllers/default.py: 0
[2015-10-30 23:24:06] EDIT preethi/controllers/default.py: 0
[2015-10-30 23:30:04] EDIT preethi/controllers/default.py: 1
[2015-10-30 23:30:45] EDIT preethi/controllers/default.py: 1
[2015-10-30 23:32:42] EDIT preethi/controllers/default.py: 0
[2015-10-30 23:35:59] EDIT preethi/controllers/default.py: 0
[2015-10-30 23:36:56] EDIT preethi/controllers/default.py: 0
[2015-10-30 23:41:49] EDIT preethi/controllers/default.py: 0
[2015-10-30 23:41:55] EDIT preethi/controllers/default.py: 0
[2015-10-30 23:42:07] EDIT preethi/controllers/default.py: 0
[2015-10-30 23:46:32] EDIT preethi/controllers/default.py: 0
[2015-10-30 23:47:09] EDIT preethi/controllers/default.py: 0
[2015-10-30 23:49:36] EDIT preethi/models/db1.py: 1
[2015-10-30 23:50:36] EDIT preethi/models/db1.py: 0
[2015-10-30 23:55:42] EDIT preethi/controllers/default.py: 0
[2015-10-30 23:56:54] EDIT preethi/controllers/default.py: 0
[2015-10-31 00:00:26] EDIT preethi/views/default/room.html: 27
[2015-10-31 00:01:37] EDIT preethi/views/default/room.html: -1
[2015-10-31 00:02:18] EDIT preethi/views/default/room.html: 0
[2015-10-31 00:02:46] EDIT preethi/views/default/room.html: 0
[2015-10-31 00:04:33] EDIT preethi/views/default/room.html: 1
[2015-10-31 00:07:22] EDIT preethi/views/default/room.html: 0
[2015-10-31 00:08:20] EDIT preethi/views/default/room.html: 0
[2015-10-31 00:09:03] EDIT preethi/views/default/room.html: 0
[2015-10-31 00:09:13] EDIT preethi/views/default/room.html: 0
[2015-10-31 00:09:26] EDIT preethi/views/default/room.html: 0
[2015-10-31 00:13:12] EDIT preethi/views/default/room.html: 0
[2015-10-31 00:13:33] EDIT preethi/views/default/room.html: 0
[2015-10-31 00:19:03] EDIT preethi/views/default/room.html: 0
[2015-10-31 00:19:31] EDIT preethi/views/default/room.html: 0
[2015-10-31 00:26:01] EDIT preethi/views/default/index.html: 0
[2015-10-31 08:44:27] EDIT preethi/controllers/default.py: 0
[2015-10-31 08:44:50] EDIT preethi/controllers/default.py: -2
[2015-10-31 08:46:40] EDIT preethi/views/default/best_results.html: 3
[2015-10-31 08:55:42] EDIT preethi/views/default/best_results.html: 0
[2015-10-31 08:58:15] EDIT preethi/views/default/best_results.html: 43
[2015-10-31 08:59:42] EDIT preethi/views/default/best_results.html: -24
[2015-10-31 09:01:24] EDIT preethi/views/default/best_results.html: 3
[2015-10-31 09:01:48] EDIT preethi/views/default/best_results.html: 0
[2015-10-31 09:02:54] EDIT preethi/views/default/best_results.html: 0
[2015-10-31 09:03:54] EDIT preethi/controllers/default.py: 0
[2015-10-31 09:05:39] EDIT preethi/views/default/best_results.html: 0
[2015-10-31 09:07:25] EDIT preethi/views/default/best_results.html: 9
[2015-10-31 09:07:59] EDIT preethi/views/default/best_results.html: 0
[2015-10-31 09:11:07] EDIT preethi/views/default/best_results.html: 20
[2015-10-31 09:12:19] EDIT preethi/views/default/best_results.html: 0
[2015-10-31 09:13:33] EDIT preethi/views/default/best_results.html: 0
[2015-10-31 09:13:42] EDIT preethi/views/default/best_results.html: 0
[2015-10-31 09:13:50] EDIT preethi/views/default/best_results.html: 0
[2015-10-31 09:15:05] EDIT preethi/controllers/default.py: 0
[2015-10-31 09:15:58] EDIT preethi/controllers/default.py: 1
[2015-10-31 09:16:20] EDIT preethi/controllers/default.py: 1
[2015-10-31 09:17:08] EDIT preethi/controllers/default.py: 0
[2015-10-31 09:18:51] EDIT preethi/controllers/default.py: 2
[2015-10-31 09:19:36] EDIT preethi/controllers/default.py: 0
[2015-10-31 09:19:44] EDIT preethi/controllers/default.py: 1
[2015-10-31 09:20:47] EDIT preethi/controllers/default.py: -1
[2015-10-31 09:24:14] EDIT preethi/controllers/default.py: 0
[2015-10-31 09:25:48] EDIT preethi/controllers/default.py: 1
[2015-10-31 09:31:31] EDIT preethi/views/default/best_results.html: 3
[2015-10-31 09:31:47] EDIT preethi/views/default/best_results.html: 3
[2015-10-31 09:41:46] EDIT preethi/models/db1.py: 0
[2015-10-31 09:41:50] EDIT preethi/models/db1.py: 0
[2015-10-31 09:47:02] EDIT preethi/views/default/best_results.html: 2
[2015-10-31 10:00:28] EDIT preethi/controllers/default.py: 3
[2015-10-31 10:04:16] EDIT preethi/controllers/default.py: 0
[2015-10-31 10:04:21] EDIT preethi/controllers/default.py: 0
[2015-10-31 10:05:34] CREATE default/make_form.html: 0
[2015-10-31 10:06:06] EDIT preethi/views/default/make_form.html: -1
[2015-10-31 10:06:09] EDIT preethi/views/default/make_form.html: 0
[2015-10-31 10:10:42] EDIT preethi/controllers/default.py: 0
[2015-10-31 10:12:00] DELETE preethi/views/default/make_form.html: -2
[2015-10-31 10:12:19] CREATE default/makeform.html: 0
[2015-10-31 10:12:44] EDIT preethi/views/default/makeform.html: -1
[2015-10-31 10:15:04] EDIT preethi/models/db1.py: 0
[2015-10-31 10:21:37] EDIT preethi/controllers/default.py: 0
[2015-10-31 10:23:16] EDIT preethi/controllers/default.py: 0
[2015-10-31 10:25:05] EDIT preethi/controllers/default.py: 1
[2015-10-31 10:25:49] EDIT preethi/controllers/default.py: 0
[2015-10-31 10:26:41] EDIT preethi/controllers/default.py: 0
[2015-10-31 10:27:16] EDIT preethi/controllers/default.py: 1
[2015-10-31 10:28:32] EDIT preethi/controllers/default.py: 0
[2015-10-31 10:30:03] EDIT preethi/controllers/default.py: 1
[2015-10-31 10:30:56] EDIT preethi/controllers/default.py: 0
[2015-10-31 10:31:32] EDIT preethi/controllers/default.py: 0
[2015-10-31 10:31:41] EDIT preethi/controllers/default.py: 0
[2015-10-31 10:32:17] EDIT preethi/controllers/default.py: -3
[2015-10-31 10:33:11] EDIT preethi/controllers/default.py: 0
[2015-10-31 10:33:36] EDIT preethi/controllers/default.py: 0
[2015-10-31 10:34:30] EDIT preethi/controllers/default.py: 0
[2015-10-31 10:35:00] EDIT preethi/controllers/default.py: -1
[2015-10-31 10:35:26] EDIT preethi/controllers/default.py: 1
[2015-10-31 10:37:00] EDIT preethi/controllers/default.py: -1
[2015-10-31 10:37:30] EDIT preethi/controllers/default.py: 1
[2015-10-31 10:39:53] EDIT preethi/views/default/best_results.html: 0
[2015-10-31 10:40:17] EDIT preethi/views/default/best_results.html: 0
[2015-10-31 10:40:28] EDIT preethi/views/default/best_results.html: 0
[2015-10-31 10:49:54] EDIT preethi/views/default/best_results.html: 0
[2015-10-31 10:50:10] EDIT preethi/views/default/best_results.html: 0
[2015-10-31 10:52:01] EDIT preethi/views/default/best_results.html: 2
[2015-10-31 10:57:17] EDIT preethi/controllers/default.py: -1
[2015-10-31 10:57:37] EDIT preethi/controllers/default.py: -1
[2015-10-31 10:59:45] EDIT preethi/controllers/default.py: 0
[2015-10-31 11:00:12] EDIT preethi/controllers/default.py: 0
[2015-10-31 11:02:15] EDIT preethi/views/default/best_results.html: 0
[2015-10-31 11:04:33] EDIT preethi/controllers/default.py: 5
[2015-10-31 11:05:47] EDIT preethi/controllers/default.py: 2
[2015-10-31 11:06:08] EDIT preethi/controllers/default.py: 0
[2015-10-31 11:07:30] EDIT preethi/views/default/best_results.html: 0
[2015-10-31 11:12:16] EDIT preethi/controllers/default.py: 0
[2015-10-31 11:18:40] EDIT preethi/controllers/default.py: 0
[2015-10-31 11:18:58] EDIT preethi/models/db1.py: 0
[2015-10-31 11:19:05] EDIT preethi/models/db1.py: 0
[2015-10-31 11:21:32] EDIT preethi/controllers/default.py: 1
[2015-10-31 11:27:34] EDIT preethi/controllers/default.py: 6
[2015-10-31 11:27:44] EDIT preethi/controllers/default.py: 0
[2015-10-31 11:27:49] EDIT preethi/controllers/default.py: 0
[2015-10-31 11:29:29] EDIT preethi/controllers/default.py: 2
[2015-10-31 11:31:39] EDIT preethi/controllers/default.py: 4
[2015-10-31 11:31:53] EDIT preethi/controllers/default.py: 0
[2015-10-31 11:32:38] EDIT preethi/controllers/default.py: 0
[2015-10-31 11:57:11] EDIT preethi/controllers/default.py: 1
[2015-10-31 12:02:11] EDIT preethi/controllers/default.py: -11
[2015-10-31 12:02:51] EDIT preethi/controllers/default.py: 2
[2015-10-31 12:03:00] EDIT preethi/controllers/default.py: 0
[2015-10-31 12:04:10] EDIT preethi/controllers/default.py: 0
[2015-10-31 12:07:21] EDIT preethi/controllers/default.py: 4
[2015-10-31 12:07:35] EDIT preethi/controllers/default.py: 1
[2015-10-31 12:08:04] EDIT preethi/controllers/default.py: 0
[2015-10-31 12:08:30] EDIT preethi/controllers/default.py: 0
[2015-10-31 12:10:10] EDIT preethi/models/menu.py: 0
[2015-10-31 12:10:41] EDIT preethi/controllers/default.py: 0
[2015-10-31 12:11:04] CREATE default/history.html: 0
[2015-10-31 12:11:19] CREATE default/upcoming.html: 0
[2015-10-31 12:52:44] EDIT preethi/views/default/best_results.html: 0
[2015-10-31 12:52:47] EDIT preethi/views/default/index.html: 0
[2015-10-31 12:52:52] EDIT preethi/views/default/room.html: 0
[2015-10-31 12:52:56] EDIT preethi/models/menu.py: 0
[2015-10-31 12:53:01] EDIT preethi/views/default/history.html: 0
[2015-10-31 12:53:10] EDIT preethi/views/default/upcoming.html: 0
[2015-10-31 12:53:16] EDIT preethi/controllers/default.py: 0
[2015-10-31 12:53:20] EDIT preethi/models/db1.py: 0
[2015-10-31 14:02:48] EDIT preethi/views/default/history.html: 0
[2015-10-31 14:03:54] EDIT preethi/views/default/history.html: 3
[2015-10-31 14:06:34] EDIT preethi/controllers/default.py: 0
[2015-10-31 14:07:06] EDIT preethi/controllers/default.py: 0
[2015-10-31 14:07:28] EDIT preethi/views/default/history.html: -2
[2015-10-31 14:07:59] EDIT preethi/controllers/default.py: 0
[2015-10-31 14:08:31] EDIT preethi/views/default/history.html: 2
[2015-10-31 14:08:44] EDIT preethi/views/default/history.html: 0
[2015-10-31 14:08:55] EDIT preethi/views/default/history.html: 1
[2015-10-31 14:09:14] DELETE preethi/views/default/history.html: -7
[2015-10-31 14:09:47] EDIT preethi/controllers/default.py: 0
[2015-10-31 14:10:22] EDIT preethi/controllers/default.py: 0
[2015-10-31 14:10:50] EDIT preethi/controllers/default.py: 0
[2015-10-31 14:11:06] CREATE default/history.html: 0
[2015-10-31 14:13:15] EDIT preethi/views/default/history.html: 0
[2015-10-31 14:13:42] EDIT preethi/views/default/history.html: 0
[2015-10-31 14:15:30] EDIT preethi/views/default/history.html: 11
[2015-10-31 14:16:01] EDIT preethi/views/default/history.html: 1
[2015-10-31 14:16:06] EDIT preethi/views/default/history.html: -1
[2015-10-31 14:17:03] EDIT preethi/controllers/default.py: 8
[2015-10-31 14:17:10] EDIT preethi/controllers/default.py: 0
[2015-10-31 14:17:12] EDIT preethi/controllers/default.py: 0
[2015-10-31 14:17:38] CREATE default/upcomingevents.html: 0
[2015-10-31 14:17:49] EDIT preethi/controllers/default.py: 0
[2015-10-31 14:17:59] EDIT preethi/views/default/history.html: 0
[2015-10-31 14:18:06] EDIT preethi/views/default/upcomingevents.html: 19
[2015-10-31 14:18:50] EDIT preethi/models/menu.py: 0
[2015-10-31 14:35:58] EDIT preethi/views/default/upcomingevents.html: 5
[2015-10-31 14:42:21] EDIT preethi/views/default/upcomingevents.html: -2
[2015-10-31 14:43:03] EDIT preethi/controllers/default.py: 4
[2015-10-31 14:44:02] EDIT preethi/controllers/default.py: 0
[2015-10-31 14:45:34] EDIT preethi/controllers/default.py: 1
[2015-10-31 14:49:51] EDIT preethi/views/default/room.html: 0
[2015-10-31 14:50:09] EDIT preethi/views/default/room.html: 0
[2015-10-31 14:54:40] EDIT preethi/views/default/room.html: 0
[2015-10-31 14:55:00] EDIT preethi/views/default/room.html: 0
[2015-10-31 14:55:00] EDIT preethi/views/default/room.html: 0
[2015-10-31 14:55:00] EDIT preethi/views/default/room.html: 0
[2015-10-31 14:55:18] EDIT preethi/views/default/room.html: 0
[2015-10-31 14:55:29] EDIT preethi/views/default/room.html: 0
[2015-10-31 14:55:50] EDIT preethi/views/default/room.html: 0
[2015-10-31 14:58:05] EDIT preethi/views/default/index.html: 0
[2015-10-31 14:58:14] EDIT preethi/views/default/index.html: 0
[2015-10-31 14:58:18] EDIT preethi/views/default/index.html: 0
[2015-10-31 14:58:36] EDIT preethi/views/default/index.html: 0
[2015-10-31 14:58:47] EDIT preethi/views/default/index.html: 0
[2015-10-31 15:00:21] EDIT preethi/views/default/upcomingevents.html: 2
[2015-10-31 15:00:50] EDIT preethi/views/default/upcomingevents.html: 0
[2015-10-31 15:01:13] EDIT preethi/views/default/upcomingevents.html: 0
[2015-10-31 15:02:48] EDIT preethi/views/default/upcomingevents.html: 0
[2015-10-31 15:03:20] EDIT preethi/views/default/upcomingevents.html: 2
[2015-10-31 15:04:48] EDIT preethi/views/default/history.html: 4
[2015-10-31 15:05:41] EDIT preethi/views/default/history.html: 0
[2015-10-31 15:05:53] EDIT preethi/views/default/history.html: 0
[2015-10-31 15:06:05] EDIT preethi/views/default/history.html: 0
[2015-10-31 15:06:27] EDIT preethi/views/default/history.html: 0
[2015-10-31 15:06:35] EDIT preethi/views/default/history.html: 0
[2015-10-31 15:06:54] EDIT preethi/views/default/history.html: 0
[2015-10-31 15:07:18] EDIT preethi/views/default/userpreference.html: 0
[2015-10-31 15:07:40] EDIT preethi/views/default/userpreference.html: 2
[2015-10-31 15:08:41] EDIT preethi/views/default/history.html: 2
[2015-10-31 15:09:03] EDIT preethi/views/default/history.html: 0
[2015-10-31 15:09:36] EDIT preethi/views/default/upcomingevents.html: 2
[2015-10-31 15:10:36] EDIT preethi/views/default/upcomingevents.html: 0
[2015-10-31 15:11:31] EDIT preethi/views/default/upcomingevents.html: 0
[2015-10-31 15:11:47] EDIT preethi/views/default/upcomingevents.html: 0
[2015-10-31 15:12:22] EDIT preethi/views/default/history.html: 0
[2015-10-31 15:13:48] EDIT preethi/views/default/room.html: 0
[2015-10-31 15:14:24] EDIT preethi/views/default/room.html: 2
[2015-10-31 15:14:36] EDIT preethi/views/default/room.html: -2
[2015-10-31 15:35:28] EDIT preethi/views/default/index.html: 0
[2015-10-31 15:35:38] EDIT preethi/views/default/index.html: 0
[2015-10-31 15:35:57] EDIT preethi/views/default/index.html: 0
[2015-10-31 15:36:08] EDIT preethi/views/default/index.html: 0
[2015-10-31 15:36:32] EDIT preethi/views/default/index.html: 0
[2015-10-31 15:36:46] EDIT preethi/views/default/index.html: 0
[2015-10-31 15:38:32] EDIT preethi/views/default/history.html: 3
[2015-10-31 15:39:13] EDIT preethi/views/default/history.html: 0
[2015-10-31 15:39:29] EDIT preethi/views/default/best_results.html: 1
[2015-10-31 15:40:20] EDIT preethi/views/default/best_results.html: 0
[2015-10-31 15:40:33] EDIT preethi/views/default/best_results.html: 0
[2015-10-31 15:41:08] EDIT preethi/views/default/best_results.html: 0
[2015-10-31 15:41:26] EDIT preethi/views/default/best_results.html: 0
[2015-10-31 15:42:16] EDIT preethi/views/default/best_results.html: 0
[2015-10-31 15:42:24] EDIT preethi/views/default/best_results.html: 0
[2015-10-31 15:42:57] EDIT preethi/views/default/best_results.html: 0
[2015-10-31 15:43:07] EDIT preethi/views/default/best_results.html: 0
[2015-10-31 15:43:17] EDIT preethi/views/default/best_results.html: 0
[2015-10-31 15:43:41] EDIT preethi/views/default/best_results.html: 0
[2015-10-31 15:43:53] EDIT preethi/views/default/best_results.html: 0
[2015-10-31 15:43:58] EDIT preethi/views/default/best_results.html: 0
[2015-10-31 15:44:09] EDIT preethi/views/default/best_results.html: 0
[2015-10-31 15:44:19] EDIT preethi/views/default/best_results.html: 0
[2015-10-31 15:44:32] EDIT preethi/views/default/best_results.html: 0
[2015-10-31 15:46:18] EDIT preethi/views/default/history.html: 3
[2015-10-31 15:46:51] EDIT preethi/views/default/history.html: -3
[2015-10-31 15:47:03] EDIT preethi/views/default/history.html: 0
[2015-10-31 15:47:10] EDIT preethi/views/default/upcomingevents.html: 3
[2015-10-31 15:47:44] EDIT preethi/views/default/upcomingevents.html: 0
[2015-10-31 15:48:27] EDIT preethi/views/default/index.html: 0
[2015-10-31 15:52:00] EDIT preethi/controllers/default.py: 0
[2015-10-31 15:52:21] CREATE default/book.html: 0
[2015-10-31 15:52:33] EDIT preethi/views/default/book.html: -1
[2015-10-31 15:53:11] DELETE preethi/views/default/book.html: -2
[2015-11-05 19:20:54] EDIT preethi/models/db.py: -26
[2015-11-05 19:22:01] EDIT preethi/models/db.py: 27
[2015-11-05 19:25:17] EDIT preethi/models/db.py: 0
[2015-11-05 19:25:23] EDIT preethi/models/db.py: 0
[2015-11-05 19:25:26] EDIT preethi/models/db.py: 0
[2015-11-05 19:26:53] EDIT preethi/models/db.py: 0
[2015-11-05 19:27:17] EDIT preethi/models/db.py: 0
[2015-11-05 19:28:23] EDIT preethi/models/db.py: 0
[2015-11-05 19:28:36] EDIT preethi/models/db.py: 0
[2015-11-05 19:31:08] EDIT preethi/models/db.py: 1
[2015-11-05 21:36:38] EDIT preethi/models/db.py: -8
[2015-11-05 21:37:39] EDIT preethi/models/db.py: 0
[2015-11-05 21:44:16] EDIT preethi/models/db.py: -1
[2015-11-05 21:47:00] EDIT preethi/models/db.py: 0
[2015-11-05 21:47:33] EDIT preethi/models/db.py: 0
[2015-11-05 21:48:30] EDIT preethi/models/db.py: 0
[2015-11-05 21:53:25] EDIT preethi/models/db1.py: 0
[2015-11-05 21:56:42] EDIT preethi/models/db1.py: 0
[2015-11-05 21:57:16] EDIT preethi/models/db.py: -18
[2015-11-05 21:57:31] EDIT preethi/models/db.py: 26
[2015-11-05 21:57:59] EDIT preethi/models/db1.py: 0
[2015-11-05 22:00:05] EDIT preethi/models/db1.py: 0
[2015-11-05 23:47:44] EDIT preethi/models/db.py: 2
[2015-11-06 00:12:31] EDIT preethi/models/db.py: -2
[2015-11-06 21:49:17] CREATE test.py: 0
[2015-11-06 21:49:43] EDIT preethi/controllers/test.py: 3221
[2015-11-06 21:52:19] EDIT preethi/controllers/test.py: 0
[2015-11-06 21:52:52] EDIT preethi/controllers/test.py: 0
[2015-11-06 21:53:05] EDIT preethi/controllers/test.py: 0
[2015-11-06 21:53:15] EDIT preethi/controllers/test.py: 0
[2015-11-06 21:53:30] EDIT preethi/controllers/test.py: 0
[2015-11-06 21:53:35] EDIT preethi/controllers/test.py: 0
[2015-11-06 21:54:08] EDIT preethi/controllers/test.py: 0
[2015-11-06 21:54:27] EDIT preethi/controllers/test.py: 0
[2015-11-06 21:54:40] EDIT preethi/controllers/test.py: 0
[2015-11-06 21:54:42] EDIT preethi/controllers/test.py: 0
[2015-11-06 21:54:44] EDIT preethi/controllers/test.py: 0
[2015-11-06 21:54:49] EDIT preethi/controllers/test.py: 0
[2015-11-06 21:54:50] EDIT preethi/controllers/test.py: 0
[2015-11-06 21:55:11] EDIT preethi/controllers/test.py: -1
[2015-11-06 22:06:39] EDIT preethi/controllers/test.py: 1
[2015-11-06 22:24:40] EDIT preethi/controllers/test.py: 1
[2015-11-06 22:37:03] EDIT preethi/models/db.py: 2
[2015-11-07 17:47:43] EDIT preethi/controllers/test.py: -3199
[2015-11-07 18:00:25] EDIT preethi/models/db.py: 1
[2015-11-07 18:01:01] EDIT preethi/models/db.py: 0
[2015-11-07 18:02:17] EDIT preethi/models/db.py: 0
[2015-11-07 18:02:32] DELETE preethi/models/default/best_results.html.py: 0
[2015-11-07 18:03:52] EDIT preethi/models/db.py: 0
[2015-11-07 18:43:49] EDIT preethi/models/db.py: -1
[2015-11-10 11:23:23] EDIT preethi/models/db.py: 0
[2015-11-10 11:23:59] EDIT preethi/models/db.py: 0
[2015-11-10 11:34:32] EDIT preethi/models/db.py: 0
[2015-11-10 13:52:17] EDIT preethi/views/default/room.html: 1
[2015-11-10 13:53:12] EDIT preethi/views/default/room.html: 0
[2015-11-10 13:53:40] EDIT preethi/views/default/room.html: 0
[2015-11-10 13:54:45] EDIT preethi/views/default/room.html: 2
[2015-11-10 13:55:15] EDIT preethi/views/default/room.html: 0
[2015-11-10 13:55:25] EDIT preethi/views/default/room.html: 0
[2015-11-10 13:55:33] EDIT preethi/views/default/room.html: 0
[2015-11-10 13:55:51] EDIT preethi/views/default/room.html: 0
[2015-11-10 13:56:43] EDIT preethi/views/default/room.html: 0
[2015-11-10 13:56:56] EDIT preethi/views/default/room.html: 0
[2015-11-10 13:57:35] EDIT preethi/views/default/room.html: 0
[2015-11-10 13:58:10] EDIT preethi/views/default/room.html: -2
[2015-11-10 13:58:28] EDIT preethi/views/default/room.html: 0
[2015-11-10 13:59:21] EDIT preethi/views/default/room.html: 0
[2015-11-10 14:00:06] CREATE default/roomprefer.html: 0
[2015-11-10 14:02:24] EDIT preethi/controllers/default.py: 4
[2015-11-10 14:02:34] EDIT preethi/controllers/default.py: 1
[2015-11-10 14:03:10] EDIT preethi/views/default/roomprefer.html: 0
[2015-11-10 14:03:20] EDIT preethi/views/default/roomprefer.html: 0
[2015-11-10 14:03:32] EDIT preethi/views/default/roomprefer.html: -1
[2015-11-10 14:03:55] EDIT preethi/controllers/default.py: 0
[2015-11-10 14:35:30] EDIT preethi/controllers/default.py: 1
[2015-11-10 14:36:00] EDIT preethi/views/default/room.html: 1
[2015-11-10 14:37:07] EDIT preethi/controllers/default.py: 0
[2015-11-10 14:37:15] EDIT preethi/controllers/default.py: 0
[2015-11-10 14:37:20] EDIT preethi/controllers/default.py: 0
[2015-11-10 14:39:03] EDIT preethi/views/default/room.html: 0
[2015-11-10 14:41:26] EDIT preethi/views/default/room.html: -1
[2015-11-10 14:42:21] EDIT preethi/views/default/room.html: 1
[2015-11-10 14:42:33] EDIT preethi/views/default/room.html: -1
[2015-11-10 14:43:07] EDIT preethi/views/default/room.html: 1
[2015-11-10 14:43:54] EDIT preethi/controllers/default.py: 0
[2015-11-10 14:44:18] EDIT preethi/controllers/default.py: 0
[2015-11-10 14:44:56] EDIT preethi/views/default/room.html: 0
[2015-11-10 14:45:46] EDIT preethi/views/default/room.html: 0
[2015-11-10 14:46:49] EDIT preethi/views/default/room.html: 2
[2015-11-10 14:49:25] EDIT preethi/views/default/room.html: 0
[2015-11-10 14:56:26] EDIT preethi/views/default/room.html: 2
[2015-11-10 14:56:48] EDIT preethi/views/default/room.html: 0
[2015-11-10 14:57:00] EDIT preethi/views/default/room.html: 0
[2015-11-10 14:57:59] EDIT preethi/views/default/room.html: 0
[2015-11-10 14:58:26] EDIT preethi/views/default/room.html: 0
[2015-11-10 14:58:44] EDIT preethi/views/default/room.html: 0
[2015-11-10 14:59:36] EDIT preethi/views/default/room.html: 0
[2015-11-10 14:59:49] EDIT preethi/views/default/room.html: 0
[2015-11-10 14:59:58] EDIT preethi/views/default/room.html: 0
[2015-11-10 15:00:29] EDIT preethi/views/default/room.html: 0
[2015-11-10 15:00:55] EDIT preethi/views/default/room.html: 0
[2015-11-10 15:01:21] EDIT preethi/views/default/room.html: 0
[2015-11-10 15:01:32] EDIT preethi/views/default/room.html: 0
[2015-11-10 15:01:55] EDIT preethi/views/default/room.html: 0
[2015-11-10 15:02:17] EDIT preethi/views/default/room.html: 0
[2015-11-10 15:02:26] EDIT preethi/views/default/room.html: 0
[2015-11-10 15:02:33] EDIT preethi/views/default/room.html: 0
[2015-11-10 15:03:02] EDIT preethi/views/default/room.html: 0
[2015-11-10 15:03:44] EDIT preethi/views/default/room.html: 0
[2015-11-10 15:04:35] EDIT preethi/views/default/room.html: 0
[2015-11-10 15:04:46] EDIT preethi/views/default/room.html: 0
[2015-11-10 15:05:58] EDIT preethi/views/default/room.html: 0
[2015-11-10 15:18:14] EDIT preethi/views/default/room.html: 0
[2015-11-10 15:18:24] EDIT preethi/views/default/room.html: 0
[2015-11-10 15:22:57] EDIT preethi/views/default/room.html: 6
[2015-11-10 15:23:37] EDIT preethi/views/default/room.html: 4
[2015-11-10 15:23:45] EDIT preethi/views/default/room.html: -2
[2015-11-10 15:24:18] EDIT preethi/views/default/room.html: 0
[2015-11-10 15:25:28] EDIT preethi/views/default/room.html: 0
[2015-11-10 15:26:46] EDIT preethi/views/default/room.html: 0
[2015-11-10 15:31:31] EDIT preethi/views/default/room.html: -4
[2015-11-10 15:31:36] EDIT preethi/views/default/room.html: 0
[2015-11-10 15:32:16] EDIT preethi/views/default/room.html: 2
[2015-11-10 15:32:17] EDIT preethi/views/default/room.html: 0
[2015-11-10 15:32:17] EDIT preethi/views/default/room.html: 0
[2015-11-10 15:34:50] EDIT preethi/views/default/room.html: -6
[2015-11-10 15:34:58] EDIT preethi/views/default/room.html: 0
[2015-11-10 15:40:00] EDIT preethi/views/default/room.html: -2
[2015-11-10 15:41:02] EDIT preethi/views/default/room.html: 3
[2015-11-10 15:41:22] EDIT preethi/views/default/room.html: 1
[2015-11-10 15:53:23] EDIT preethi/controllers/default.py: 2
[2015-11-10 15:55:57] EDIT preethi/controllers/default.py: -1
[2015-11-10 15:56:17] EDIT preethi/controllers/default.py: 0
[2015-11-10 15:56:19] EDIT preethi/controllers/default.py: 0
[2015-11-12 13:23:23] EDIT preethi/controllers/default.py: 4
[2015-11-12 13:23:42] CREATE default/admin.html: 0
[2015-11-12 13:23:57] EDIT preethi/controllers/default.py: 0
[2015-11-12 13:24:33] EDIT preethi/views/default/admin.html: -2
[2015-11-12 13:25:25] EDIT preethi/views/default/admin.html: 2
[2015-11-12 13:25:36] EDIT preethi/views/default/admin.html: -1
[2015-11-12 13:26:27] EDIT preethi/views/default/admin.html: 1
[2015-11-12 13:29:36] EDIT preethi/models/db.py: 0
[2015-11-12 13:29:43] EDIT preethi/models/db.py: 0
[2015-11-12 13:31:29] EDIT preethi/models/db.py: -1
[2015-11-12 13:32:02] EDIT preethi/models/db.py: 0
[2015-11-12 13:39:34] EDIT preethi/controllers/default.py: 0
[2015-11-12 13:59:09] EDIT preethi/controllers/default.py: 0
[2015-11-12 13:59:20] EDIT preethi/controllers/default.py: 0
[2015-11-12 13:59:38] EDIT preethi/controllers/default.py: 0
[2015-11-12 14:00:04] EDIT preethi/controllers/default.py: 0
[2015-11-12 14:00:21] EDIT preethi/controllers/default.py: 0
[2015-11-12 14:01:39] EDIT preethi/controllers/default.py: 0
[2015-11-12 14:04:00] EDIT preethi/controllers/default.py: 0
[2015-11-12 14:12:12] EDIT preethi/controllers/default.py: 0
[2015-11-12 14:13:32] EDIT preethi/controllers/default.py: 0
[2015-11-12 14:13:41] EDIT preethi/controllers/default.py: 0
[2015-11-12 14:13:49] EDIT preethi/controllers/default.py: 0
[2015-11-12 14:13:55] EDIT preethi/controllers/default.py: 0
[2015-11-12 14:17:33] EDIT preethi/controllers/default.py: 6
[2015-11-12 14:17:46] EDIT preethi/controllers/default.py: 0
[2015-11-12 14:19:32] EDIT preethi/controllers/default.py: 1
[2015-11-12 14:20:47] EDIT preethi/controllers/default.py: 2
[2015-11-12 14:21:31] EDIT preethi/controllers/default.py: 0
[2015-11-12 14:21:38] EDIT preethi/controllers/default.py: 0
[2015-11-12 14:21:40] EDIT preethi/controllers/default.py: 0
[2015-11-12 14:22:20] EDIT preethi/controllers/default.py: 1
[2015-11-12 14:24:07] EDIT preethi/controllers/default.py: 0
[2015-11-12 14:25:03] EDIT preethi/controllers/default.py: 0
[2015-11-12 14:25:56] EDIT preethi/controllers/default.py: 0
[2015-11-12 14:27:44] EDIT preethi/controllers/default.py: 0
[2015-11-12 14:27:52] EDIT preethi/controllers/default.py: 0
[2015-11-12 14:27:54] EDIT preethi/controllers/default.py: 0
[2015-11-12 14:30:08] EDIT preethi/controllers/default.py: 0
[2015-11-12 14:30:15] EDIT preethi/controllers/default.py: 1
[2015-11-12 14:30:34] EDIT preethi/controllers/default.py: 0
[2015-11-12 14:35:47] EDIT preethi/views/default/room.html: 0
[2015-11-12 14:37:38] EDIT preethi/views/default/room.html: 0
[2015-11-12 14:38:02] EDIT preethi/views/default/room.html: 0
[2015-11-12 14:38:05] EDIT preethi/views/default/room.html: 0
[2015-11-12 14:49:26] EDIT preethi/views/default/room.html: 0
[2015-11-12 14:49:30] EDIT preethi/views/default/room.html: 0
[2015-11-12 14:53:43] EDIT preethi/controllers/default.py: 5
[2015-11-12 14:54:21] EDIT preethi/controllers/default.py: 0
[2015-11-12 14:55:19] EDIT preethi/controllers/default.py: 0
[2015-11-12 14:55:53] EDIT preethi/controllers/default.py: 0
[2015-11-12 14:56:35] EDIT preethi/controllers/default.py: 0
[2015-11-12 14:56:52] EDIT preethi/controllers/default.py: 0
[2015-11-12 15:03:46] EDIT preethi/controllers/default.py: 0
[2015-11-12 15:04:26] EDIT preethi/controllers/default.py: 0
[2015-11-12 15:08:29] EDIT preethi/controllers/default.py: 1
[2015-11-12 15:10:59] EDIT preethi/views/default/admin.html: -2
[2015-11-12 15:12:35] EDIT preethi/views/default/admin.html: 1
[2015-11-12 15:12:50] EDIT preethi/views/default/admin.html: 1
[2015-11-12 15:13:02] EDIT preethi/views/default/admin.html: 0
[2015-11-12 15:17:07] EDIT preethi/views/default/admin.html: 0
[2015-11-12 15:18:01] EDIT preethi/controllers/default.py: 4
[2015-11-12 15:18:11] EDIT preethi/controllers/default.py: 0
[2015-11-12 15:18:16] EDIT preethi/controllers/default.py: 0
[2015-11-12 15:19:25] EDIT preethi/controllers/default.py: 0
[2015-11-12 15:20:41] EDIT preethi/controllers/default.py: 0
[2015-11-12 15:21:28] EDIT preethi/controllers/default.py: 3
[2015-11-12 15:21:47] EDIT preethi/controllers/default.py: 0
[2015-11-12 15:22:28] EDIT preethi/controllers/default.py: 0
[2015-11-12 15:23:37] EDIT preethi/controllers/default.py: 0
[2015-11-12 15:25:23] EDIT preethi/controllers/default.py: 0
[2015-11-12 15:26:42] EDIT preethi/controllers/default.py: 6
[2015-11-12 15:27:14] EDIT preethi/controllers/default.py: 0
[2015-11-12 15:27:48] EDIT preethi/controllers/default.py: 0
[2015-11-12 15:28:24] EDIT preethi/controllers/default.py: -6
[2015-11-12 17:26:31] EDIT preethi/views/default/admin.html: 2
[2015-11-12 18:29:55] EDIT preethi/views/default/admin.html: 1
[2015-11-12 18:30:30] EDIT preethi/views/default/admin.html: 6
[2015-11-13 10:43:45] EDIT preethi/views/default/room.html: 0
[2015-11-13 10:54:48] EDIT preethi/models/menu.py: 1
[2015-11-14 08:55:37] CREATE confirm.html: 0
[2015-11-14 08:57:35] EDIT preethi/views/confirm.html: 11
[2015-11-14 08:58:19] EDIT preethi/controllers/default.py: 2
[2015-11-14 08:58:30] EDIT preethi/views/default/best_results.html: 0
[2015-11-14 08:59:51] CREATE default/confirm.html: 0
[2015-11-14 09:00:09] EDIT preethi/views/default/confirm.html: 11
[2015-11-14 09:01:14] EDIT preethi/views/default/confirm.html: 0
[2015-11-14 09:01:17] EDIT preethi/views/default/confirm.html: 0
[2015-11-14 09:01:35] EDIT preethi/views/default/confirm.html: 0
[2015-11-14 09:02:16] EDIT preethi/views/default/confirm.html: 0
[2015-11-14 09:02:29] EDIT preethi/views/default/confirm.html: 0
[2015-11-14 09:02:45] EDIT preethi/views/default/confirm.html: 0
[2015-11-14 09:02:53] EDIT preethi/views/default/confirm.html: 0
[2015-11-14 09:03:01] EDIT preethi/views/default/confirm.html: 0
[2015-11-14 09:03:14] EDIT preethi/views/default/confirm.html: 0
[2015-11-14 09:03:24] EDIT preethi/views/default/confirm.html: 0
[2015-11-14 09:04:51] EDIT preethi/views/default/confirm.html: 2
[2015-11-14 09:05:36] EDIT preethi/views/default/confirm.html: 0
[2015-11-14 09:05:46] EDIT preethi/views/default/confirm.html: 0
[2015-11-14 09:06:04] EDIT preethi/views/default/confirm.html: 0
[2015-11-14 09:06:19] EDIT preethi/views/default/confirm.html: 0
[2015-11-14 09:06:32] EDIT preethi/views/default/confirm.html: 0
[2015-11-14 09:06:48] EDIT preethi/views/default/confirm.html: 0
[2015-11-14 09:06:59] EDIT preethi/views/default/confirm.html: 0
[2015-11-14 09:07:15] EDIT preethi/views/default/confirm.html: 0
[2015-11-14 09:07:26] EDIT preethi/views/default/confirm.html: 0
[2015-11-14 09:07:33] EDIT preethi/views/default/confirm.html: 0
[2015-11-14 09:07:40] EDIT preethi/views/default/confirm.html: 0
[2015-11-14 09:07:55] EDIT preethi/views/default/confirm.html: 0
[2015-11-14 09:08:19] EDIT preethi/views/default/confirm.html: 0
[2015-11-14 09:08:33] EDIT preethi/views/default/confirm.html: 0
[2015-11-14 09:09:05] EDIT preethi/views/default/confirm.html: 0
[2015-11-14 09:09:14] EDIT preethi/views/default/confirm.html: 0
[2015-11-14 09:09:32] EDIT preethi/views/default/confirm.html: 0
[2015-11-14 09:09:55] EDIT preethi/views/default/confirm.html: 2
[2015-11-14 09:10:22] EDIT preethi/views/default/confirm.html: 0
[2015-11-14 09:10:27] EDIT preethi/views/default/confirm.html: 0
[2015-11-14 09:10:53] EDIT preethi/views/default/confirm.html: 0
[2015-11-14 09:11:22] EDIT preethi/views/default/confirm.html: 0
[2015-11-14 09:12:00] EDIT preethi/views/default/confirm.html: 0
[2015-11-14 09:12:11] EDIT preethi/views/default/confirm.html: 0
[2015-11-14 09:12:36] EDIT preethi/views/default/confirm.html: 0
[2015-11-14 09:12:54] EDIT preethi/views/default/confirm.html: 0
[2015-11-14 09:13:31] EDIT preethi/views/default/confirm.html: 0
[2015-11-14 09:13:51] EDIT preethi/views/default/confirm.html: 0
[2015-11-14 09:14:13] EDIT preethi/views/default/confirm.html: 0
[2015-11-14 09:14:45] EDIT preethi/views/default/confirm.html: 0
[2015-11-14 09:14:59] EDIT preethi/views/default/confirm.html: 0
[2015-11-14 09:15:13] EDIT preethi/views/default/confirm.html: 0
[2015-11-14 09:15:23] EDIT preethi/views/default/confirm.html: 0
[2015-11-14 09:16:12] EDIT preethi/views/default/confirm.html: 0
[2015-11-14 09:16:23] EDIT preethi/views/default/confirm.html: 0
[2015-11-14 09:16:57] EDIT preethi/views/default/confirm.html: 0
[2015-11-14 09:18:38] EDIT preethi/views/default/confirm.html: 0
[2015-11-14 09:19:15] EDIT preethi/views/default/confirm.html: 0
[2015-11-14 09:20:00] EDIT preethi/views/default/confirm.html: -2
[2015-11-14 09:20:14] EDIT preethi/views/default/confirm.html: 0
[2015-11-14 09:20:26] EDIT preethi/views/default/confirm.html: 0
[2015-11-14 09:20:36] EDIT preethi/views/default/confirm.html: 0
[2015-11-14 09:20:46] EDIT preethi/views/default/confirm.html: 0
[2015-11-14 09:20:56] EDIT preethi/views/default/confirm.html: 0
[2015-11-14 09:21:03] EDIT preethi/views/default/confirm.html: 0
[2015-11-14 09:21:10] EDIT preethi/views/default/confirm.html: 0
[2015-11-14 09:21:34] EDIT preethi/views/default/confirm.html: 0
[2015-11-14 09:21:43] EDIT preethi/views/default/confirm.html: 0
[2015-11-14 09:21:50] EDIT preethi/views/default/confirm.html: 0
[2015-11-14 09:22:16] EDIT preethi/views/default/confirm.html: 0
[2015-11-14 09:22:37] EDIT preethi/views/default/confirm.html: 0
[2015-11-14 09:22:45] EDIT preethi/views/default/confirm.html: 0
[2015-11-14 09:22:54] EDIT preethi/views/default/confirm.html: 0
[2015-11-14 09:23:06] EDIT preethi/views/default/confirm.html: 0
[2015-11-14 09:23:13] EDIT preethi/views/default/confirm.html: 0
[2015-11-14 09:23:36] EDIT preethi/views/default/confirm.html: 0
[2015-11-14 09:25:14] EDIT preethi/views/default/confirm.html: 0
[2015-11-14 09:28:12] EDIT preethi/controllers/default.py: 3
[2015-11-14 09:28:32] EDIT preethi/views/default/confirm.html: 0
[2015-11-14 09:29:37] EDIT preethi/views/default/confirm.html: 0
[2015-11-14 09:30:53] EDIT preethi/views/default/confirm.html: 0
[2015-11-14 09:32:00] EDIT preethi/controllers/default.py: 1
[2015-11-14 09:32:26] EDIT preethi/controllers/default.py: 0
[2015-11-14 09:32:47] EDIT preethi/views/default/confirm.html: 0
[2015-11-14 09:33:21] CREATE default/book.html: 0
[2015-11-14 09:34:56] EDIT preethi/controllers/default.py: 0
[2015-11-14 09:35:25] EDIT preethi/views/default/book.html: -1
[2015-11-14 10:03:33] EDIT preethi/views/default/book.html: 29
[2015-11-14 10:04:01] EDIT preethi/views/default/book.html: 0
[2015-11-14 10:04:45] EDIT preethi/views/default/book.html: 0
[2015-11-14 10:05:31] EDIT preethi/views/default/book.html: 0
[2015-11-14 10:05:48] EDIT preethi/views/default/book.html: 0
[2015-11-14 10:06:07] EDIT preethi/views/default/book.html: 0
[2015-11-14 10:06:34] EDIT preethi/views/default/book.html: 0
[2015-11-14 10:07:22] EDIT preethi/views/default/book.html: 0
[2015-11-14 10:07:36] EDIT preethi/views/default/book.html: 0
[2015-11-14 10:11:17] EDIT preethi/views/default/room.html: 0
[2015-11-14 10:13:04] EDIT preethi/controllers/default.py: 2
[2015-11-14 10:14:50] EDIT preethi/views/default/confirm.html: 0
[2015-11-14 10:16:41] EDIT preethi/views/default/confirm.html: -3
[2015-11-14 10:27:36] EDIT preethi/controllers/default.py: 0
[2015-11-14 10:27:48] EDIT preethi/controllers/default.py: 0
[2015-11-14 10:31:28] EDIT preethi/controllers/default.py: 1
[2015-11-14 10:31:55] EDIT preethi/controllers/default.py: 0
[2015-11-14 10:32:25] EDIT preethi/controllers/default.py: 0
[2015-11-14 10:32:40] EDIT preethi/controllers/default.py: 0
[2015-11-14 10:33:02] EDIT preethi/controllers/default.py: 0
[2015-11-14 10:36:36] EDIT preethi/controllers/default.py: 0
[2015-11-14 10:37:15] EDIT preethi/views/default/book.html: 2
[2015-11-14 10:37:19] EDIT preethi/views/default/book.html: 0
[2015-11-14 10:37:25] EDIT preethi/views/default/book.html: 0
[2015-11-14 10:38:28] EDIT preethi/views/default/room.html: 2
[2015-11-14 10:38:48] EDIT preethi/views/default/best_results.html: 2
[2015-11-14 10:39:03] EDIT preethi/views/default/best_results.html: -2
[2015-11-14 10:39:27] EDIT preethi/views/default/room.html: -2
[2015-11-14 10:40:06] EDIT preethi/views/default/admin.html: 2
[2015-11-14 10:40:25] EDIT preethi/views/default/admin.html: 0
[2015-11-14 10:40:52] EDIT preethi/views/default/admin.html: 0
[2015-11-14 10:41:02] EDIT preethi/views/default/admin.html: 0
[2015-11-14 10:41:33] EDIT preethi/views/default/admin.html: 0
[2015-11-14 10:43:05] EDIT preethi/views/default/admin.html: 2
[2015-11-14 10:44:27] EDIT preethi/views/default/admin.html: 0
[2015-11-14 10:44:49] EDIT preethi/views/default/admin.html: 0
[2015-11-14 10:46:13] EDIT preethi/views/default/admin.html: -2
[2015-11-14 10:51:01] EDIT preethi/controllers/default.py: 5
[2015-11-14 10:54:00] EDIT preethi/views/default/book.html: -2
[2015-11-14 11:09:48] EDIT preethi/controllers/default.py: 0
[2015-11-14 11:11:46] EDIT preethi/controllers/default.py: 0
[2015-11-14 11:12:09] EDIT preethi/controllers/default.py: 0
[2015-11-14 11:13:15] EDIT preethi/views/default/confirm.html: 3
[2015-11-14 11:13:21] EDIT preethi/views/default/confirm.html: 0
[2015-11-14 11:16:12] EDIT preethi/controllers/default.py: 0
[2015-11-14 11:17:03] CREATE room_results.html: 0
[2015-11-14 11:18:36] EDIT preethi/controllers/default.py: 1
[2015-11-14 11:19:07] EDIT preethi/controllers/default.py: -1
[2015-11-14 11:19:50] EDIT preethi/controllers/default.py: 0
[2015-11-14 11:27:17] EDIT preethi/controllers/default.py: 28
[2015-11-14 11:37:09] EDIT preethi/controllers/default.py: -28
[2015-11-14 11:37:31] EDIT preethi/views/default/best_results.html: 0
[2015-11-14 11:40:05] EDIT preethi/controllers/default.py: 6
[2015-11-14 11:40:19] EDIT preethi/controllers/default.py: 0
[2015-11-14 11:40:35] EDIT preethi/views/default/confirm.html: 0
[2015-11-14 11:40:46] EDIT preethi/views/default/confirm.html: 0
[2015-11-14 11:40:56] EDIT preethi/views/default/confirm.html: 0
[2015-11-14 11:43:00] EDIT preethi/controllers/default.py: 32
[2015-11-14 11:43:12] EDIT preethi/controllers/default.py: 0
[2015-11-14 11:47:46] EDIT preethi/controllers/default.py: 0
[2015-11-14 11:50:58] EDIT preethi/controllers/default.py: 0
[2015-11-14 11:51:53] EDIT preethi/views/room_results.html: 63
[2015-11-14 11:53:25] EDIT preethi/views/room_results.html: 0
[2015-11-14 11:53:27] EDIT preethi/views/room_results.html: 0
[2015-11-14 11:54:36] EDIT preethi/views/room_results.html: 0
[2015-11-14 11:55:16] CREATE default/room_results.html: 0
[2015-11-14 11:55:31] EDIT preethi/views/default/room_results.html: 63
[2015-11-14 11:57:30] EDIT preethi/controllers/default.py: 0
[2015-11-14 11:57:39] EDIT preethi/controllers/default.py: 0
[2015-11-14 12:02:09] EDIT preethi/controllers/default.py: -1
[2015-11-14 12:04:42] EDIT preethi/models/db.py: 1
[2015-11-14 12:07:42] EDIT preethi/models/db.py: -1
[2015-11-14 12:11:47] EDIT preethi/controllers/default.py: 4
[2015-11-14 12:12:05] EDIT preethi/controllers/default.py: 0
[2015-11-14 12:14:18] EDIT preethi/models/db.py: 1
[2015-11-14 12:14:48] EDIT preethi/models/db.py: -1
[2015-11-14 12:16:49] EDIT preethi/models/db.py: 1
[2015-11-14 12:18:02] EDIT preethi/models/db.py: -1
[2015-11-14 12:18:53] EDIT preethi/models/db.py: 1
[2015-11-14 12:20:03] EDIT preethi/models/db.py: -1
[2015-11-14 12:23:35] EDIT preethi/controllers/default.py: 1
[2015-11-14 12:25:03] EDIT preethi/controllers/default.py: 7
[2015-11-14 12:26:24] EDIT preethi/controllers/default.py: 0
[2015-11-14 12:27:03] EDIT preethi/controllers/default.py: 0
[2015-11-14 12:27:05] EDIT preethi/controllers/default.py: 0
[2015-11-14 12:27:08] EDIT preethi/controllers/default.py: 0
[2015-11-14 12:27:36] EDIT preethi/controllers/default.py: 1
[2015-11-14 12:28:40] EDIT preethi/views/default/history.html: 1
[2015-11-14 12:30:31] EDIT preethi/controllers/default.py: 0
[2015-11-14 12:31:51] EDIT preethi/controllers/default.py: 0
[2015-11-14 12:33:31] EDIT preethi/controllers/default.py: 1
[2015-11-14 12:34:18] EDIT preethi/controllers/default.py: -1
[2015-11-14 12:34:39] EDIT preethi/controllers/default.py: 1
[2015-11-14 12:40:05] EDIT preethi/models/db.py: 1
[2015-11-14 12:41:00] EDIT preethi/models/db.py: 1
[2015-11-14 12:42:29] EDIT preethi/models/db.py: -1
[2015-11-14 12:43:48] EDIT preethi/models/db.py: -1
[2015-11-14 12:44:09] EDIT preethi/models/db.py: 1
[2015-11-14 12:46:27] EDIT preethi/views/default/best_results.html: 2
[2015-11-14 12:47:24] EDIT preethi/views/default/best_results.html: 0
[2015-11-14 12:48:10] EDIT preethi/views/default/best_results.html: 0
[2015-11-14 12:49:17] EDIT preethi/views/default/best_results.html: 0
[2015-11-14 12:50:14] EDIT preethi/views/default/best_results.html: 0
[2015-11-14 12:50:38] EDIT preethi/views/default/best_results.html: -1
[2015-11-14 12:50:54] EDIT preethi/views/default/best_results.html: -1
[2015-11-14 12:54:30] EDIT preethi/views/default/best_results.html: 10
[2015-11-14 12:56:41] EDIT preethi/views/default/best_results.html: 0
[2015-11-14 12:58:26] EDIT preethi/views/default/best_results.html: 0
[2015-11-14 12:58:57] EDIT preethi/views/default/best_results.html: 0
[2015-11-14 12:59:02] EDIT preethi/views/default/best_results.html: 0
[2015-11-14 12:59:22] EDIT preethi/views/default/best_results.html: 1
[2015-11-14 13:00:19] EDIT preethi/views/default/best_results.html: 5
[2015-11-14 13:00:49] EDIT preethi/views/default/best_results.html: 1
[2015-11-14 13:00:56] EDIT preethi/views/default/best_results.html: 1
[2015-11-14 13:11:47] EDIT project1/views/default/best_results.html: 4
[2015-11-14 13:13:14] EDIT project1/views/default/best_results.html: 1
[2015-11-14 13:14:29] EDIT project1/views/default/best_results.html: 0
[2015-11-14 13:14:59] EDIT project1/views/default/best_results.html: 1
[2015-11-14 13:15:18] EDIT project1/views/default/best_results.html: 2
[2015-11-14 13:21:47] EDIT project1/views/default/best_results.html: 0
[2015-11-14 13:22:14] EDIT project1/views/default/best_results.html: 0
[2015-11-14 13:27:39] EDIT project1/views/default/book.html: 0
[2015-11-14 13:27:52] EDIT project1/views/default/book.html: 0
[2015-11-14 13:29:57] EDIT project1/views/default/book.html: 2
[2015-11-14 13:30:52] EDIT project1/views/default/book.html: 0
[2015-11-14 13:31:52] EDIT project1/views/default/book.html: 0
[2015-11-14 13:33:17] EDIT project1/views/default/book.html: 0
[2015-11-14 13:34:28] EDIT project1/views/default/book.html: 0
[2015-11-14 13:35:47] EDIT project1/views/default/confirm.html: 0
[2015-11-14 13:35:47] EDIT project1/views/default/confirm.html: 0
[2015-11-14 13:39:33] EDIT project1/views/default/index.html: 0
[2015-11-14 13:40:20] EDIT project1/views/default/index.html: 0
[2015-11-14 13:41:25] EDIT project1/views/default/index.html: 0
[2015-11-14 13:42:43] EDIT project1/views/default/best_results.html: 2
[2015-11-14 13:43:30] EDIT project1/views/default/room_results.html: 2
[2015-11-14 13:44:06] EDIT project1/views/default/room_results.html: 0
[2015-11-14 13:44:37] EDIT project1/views/default/room_results.html: 0
[2015-11-14 13:47:31] EDIT project1/views/default/room_results.html: 0
[2015-11-14 13:48:21] EDIT project1/views/default/best_results.html: 0
[2015-11-14 13:49:04] EDIT project1/views/default/best_results.html: 0
[2015-11-14 13:49:22] EDIT project1/views/default/best_results.html: 0
[2015-11-14 13:49:46] EDIT project1/views/default/best_results.html: 0
[2015-11-14 14:01:37] EDIT project1/views/default/index.html: 0
[2015-11-14 14:01:51] EDIT project1/views/default/index.html: 0
[2015-11-14 14:02:24] EDIT project1/views/default/best_results.html: -1
[2015-11-14 14:02:42] EDIT project1/views/default/room_results.html: -2
[2015-11-14 14:05:27] EDIT project1/views/default/room_results.html: 27
[2015-11-14 14:51:38] EDIT project1/models/db.py: 0
[2015-11-14 14:55:46] EDIT project1/models/db.py: 0
[2015-12-20 14:36:28] EDIT project1/views/default/index.html: 2
[2015-12-20 14:36:29] EDIT project1/views/default/index.html: 0
[2015-12-20 14:37:07] EDIT project1/views/default/index.html: 0
[2015-12-20 14:37:30] EDIT project1/views/default/index.html: 0
[2015-12-20 14:38:01] EDIT project1/views/default/index.html: 0
[2015-12-20 14:38:25] EDIT project1/views/default/index.html: 0
[2015-12-20 14:39:27] EDIT project1/models/menu.py: 0
[2015-12-20 14:39:40] EDIT project1/models/menu.py: 0
[2015-12-20 14:41:55] EDIT project1/controllers/default.py: 0
[2015-12-20 14:44:27] EDIT project1/views/default/history.html: 17
[2015-12-20 14:45:18] EDIT project1/views/default/upcomingevents.html: 17
[2015-12-20 14:45:46] EDIT project1/views/default/upcomingevents.html: 3
[2015-12-20 14:52:17] EDIT project1/views/default/best_results.html: 0
[2015-12-20 14:52:24] EDIT project1/views/default/best_results.html: 0
[2015-12-20 14:53:28] EDIT project1/views/default/room_results.html: 0
[2015-12-20 14:57:17] EDIT project1/views/default/room.html: 0
[2015-12-20 14:58:02] EDIT project1/views/default/room.html: 0
[2015-12-20 14:59:07] EDIT project1/views/default/room.html: 17
[2015-12-20 14:59:34] EDIT project1/views/default/room.html: -3
[2015-12-20 15:02:27] EDIT project1/views/default/book.html: 0
[2015-12-20 15:02:49] EDIT project1/views/default/book.html: 0
[2015-12-20 15:03:19] EDIT project1/views/default/book.html: 0
[2015-12-20 15:08:25] EDIT project1/views/layout.html: -11
[2016-11-11 14:25:22] EDIT room_booking/models/db.py: 0
[2016-11-13 01:47:16] CREATE default/date.html: 0
[2016-11-14 01:08:16] EDIT roomBooking/controllers/default.py: 2
[2016-11-14 01:08:47] EDIT roomBooking/controllers/default.py: 0
[2016-11-14 01:09:36] EDIT roomBooking/views/default/date.html: -2
[2016-11-14 01:11:19] EDIT roomBooking/controllers/default.py: 1
[2016-11-14 01:12:18] EDIT roomBooking/controllers/default.py: -1
[2016-11-14 01:12:40] EDIT roomBooking/views/default/room.html: 0
[2016-11-14 01:13:58] EDIT roomBooking/views/default/room.html: 1
[2016-11-14 01:15:04] EDIT roomBooking/views/default/room.html: 1
[2016-11-14 01:15:27] EDIT roomBooking/views/default/room.html: 0
[2016-11-14 01:15:28] EDIT roomBooking/views/default/room.html: 0
[2016-11-14 01:16:24] EDIT roomBooking/views/default/room.html: 0
[2016-11-14 01:16:52] EDIT roomBooking/views/default/room.html: -2
[2016-11-14 01:17:42] EDIT roomBooking/views/default/room.html: 1
[2016-11-14 01:18:14] EDIT roomBooking/views/default/room.html: 0
[2016-11-14 01:18:25] EDIT roomBooking/views/default/room.html: 0
[2016-11-14 01:18:55] EDIT roomBooking/views/default/room.html: -1
[2016-11-14 01:19:15] EDIT roomBooking/controllers/default.py: 1
[2016-11-14 01:22:18] EDIT roomBooking/controllers/default.py: 1
[2016-11-14 01:22:32] EDIT roomBooking/controllers/default.py: 1
[2016-11-14 01:22:52] EDIT roomBooking/controllers/default.py: 0
[2016-11-14 01:23:05] EDIT roomBooking/controllers/default.py: 1
[2016-11-14 01:23:10] EDIT roomBooking/controllers/default.py: 0
[2016-11-14 01:23:18] EDIT roomBooking/controllers/default.py: 1
[2016-11-14 01:24:53] EDIT roomBooking/controllers/default.py: 0
[2016-11-14 01:24:56] EDIT roomBooking/controllers/default.py: 0
[2016-11-14 01:25:40] EDIT roomBooking/controllers/default.py: 2
[2016-11-14 01:26:20] EDIT roomBooking/controllers/default.py: -1
[2016-11-14 01:26:46] EDIT roomBooking/controllers/default.py: 1
[2016-11-14 01:27:15] EDIT roomBooking/controllers/default.py: 0
[2016-11-14 01:30:38] EDIT roomBooking/controllers/default.py: -2
[2016-11-14 01:31:47] EDIT roomBooking/controllers/default.py: -1
[2016-11-14 01:33:11] EDIT roomBooking/controllers/default.py: 0
[2016-11-14 01:33:21] EDIT roomBooking/controllers/default.py: -2
[2016-11-14 01:33:31] EDIT roomBooking/controllers/default.py: -1
[2016-11-14 01:34:18] EDIT roomBooking/models/db1.py: 4
[2016-11-14 01:34:28] EDIT roomBooking/models/db1.py: -1
[2016-11-14 01:34:29] EDIT roomBooking/models/db1.py: 0
[2016-11-14 01:34:29] EDIT roomBooking/models/db1.py: 0
[2016-11-14 01:34:30] EDIT roomBooking/models/db1.py: 0
[2016-11-14 01:34:35] EDIT roomBooking/models/db1.py: 0
[2016-11-14 01:34:45] EDIT roomBooking/models/db1.py: 0
[2016-11-14 01:35:01] EDIT roomBooking/models/db1.py: 0
[2016-11-14 01:35:10] EDIT roomBooking/models/db1.py: 0
[2016-11-14 01:35:27] EDIT roomBooking/models/db1.py: 0
[2016-11-14 01:37:28] EDIT roomBooking/models/db1.py: 0
[2016-11-14 01:37:29] EDIT roomBooking/models/db1.py: 0
[2016-11-14 01:37:31] EDIT roomBooking/models/db1.py: 0
[2016-11-14 01:37:38] EDIT roomBooking/models/db1.py: 0
[2016-11-14 01:37:54] EDIT roomBooking/models/db1.py: 0
[2016-11-14 01:38:44] EDIT roomBooking/models/db1.py: 0
[2016-11-14 01:39:20] EDIT roomBooking/models/db1.py: 0
[2016-11-14 01:41:07] EDIT roomBooking/controllers/default.py: 1
[2016-11-14 01:42:24] EDIT roomBooking/views/default/date.html: 2
[2016-11-14 01:46:59] EDIT roomBooking/views/default/date.html: 66
[2016-11-14 01:49:07] UPLOAD /home/theprototype/Study_Material/web2py/applications/roomBooking/static/css/material_kit.css: 3611
[2016-11-14 01:50:24] EDIT roomBooking/views/layout.html: 1
[2016-11-14 01:54:31] EDIT roomBooking/views/layout.html: 3
[2016-11-14 01:55:16] EDIT roomBooking/views/layout.html: 0
[2016-11-14 01:56:21] EDIT roomBooking/views/layout.html: 0
[2016-11-14 02:01:48] EDIT roomBooking/views/default/date.html: -34
[2016-11-14 02:02:38] EDIT roomBooking/views/default/date.html: -4
[2016-11-14 02:04:20] EDIT roomBooking/views/default/date.html: -14
[2016-11-14 02:04:29] EDIT roomBooking/views/default/date.html: 0
[2016-11-14 02:05:11] EDIT roomBooking/views/default/date.html: 0
[2016-11-14 02:10:05] EDIT roomBooking/views/layout.html: 0
[2016-11-14 02:10:47] EDIT roomBooking/views/layout.html: 0
[2016-11-14 02:12:36] EDIT roomBooking/views/default/room.html: 0
[2016-11-14 02:18:54] EDIT roomBooking/views/default/date.html: 0
[2016-11-14 02:19:10] EDIT roomBooking/views/default/date.html: 0
[2016-11-14 02:19:23] EDIT roomBooking/views/default/date.html: 1
[2016-11-14 02:19:28] EDIT roomBooking/views/default/date.html: 0
[2016-11-14 02:19:57] EDIT roomBooking/views/default/date.html: 2
[2016-11-14 02:20:05] EDIT roomBooking/views/default/date.html: 0
[2016-11-14 02:20:14] EDIT roomBooking/views/default/date.html: 0
[2016-11-14 02:20:36] EDIT roomBooking/views/default/date.html: 0
[2016-11-14 02:21:04] EDIT roomBooking/views/default/date.html: 0
[2016-11-14 02:23:14] EDIT roomBooking/views/default/date.html: 0
[2016-11-14 02:24:34] EDIT roomBooking/controllers/default.py: 2
[2016-11-14 02:25:06] EDIT roomBooking/controllers/default.py: 1
[2016-11-14 02:25:11] EDIT roomBooking/controllers/default.py: 0
[2016-11-14 02:25:55] EDIT roomBooking/views/default/date.html: 0
[2016-11-14 02:26:26] EDIT roomBooking/controllers/default.py: 1
[2016-11-14 02:29:31] EDIT roomBooking/controllers/default.py: 1
[2016-11-14 02:30:27] EDIT roomBooking/controllers/default.py: 0
[2016-11-14 02:31:20] EDIT roomBooking/models/db1.py: 0
[2016-11-14 02:31:33] EDIT roomBooking/controllers/default.py: 0
[2016-11-14 02:31:43] EDIT roomBooking/controllers/default.py: 0
[2016-11-14 02:32:36] EDIT roomBooking/controllers/default.py: 0
[2016-11-14 02:32:49] EDIT roomBooking/controllers/default.py: 0
[2016-11-14 02:34:08] EDIT roomBooking/models/db1.py: 0
[2016-11-14 02:34:18] EDIT roomBooking/controllers/default.py: 0
[2016-11-14 02:36:06] EDIT roomBooking/controllers/default.py: 0
[2016-11-14 02:36:53] EDIT roomBooking/controllers/default.py: 0
[2016-11-14 02:40:03] EDIT roomBooking/controllers/default.py: 1
[2016-11-14 02:40:25] EDIT roomBooking/controllers/default.py: 0
[2016-11-14 02:40:48] EDIT roomBooking/controllers/default.py: 0
[2016-11-14 02:41:52] EDIT roomBooking/controllers/default.py: 0
[2016-11-14 02:42:06] EDIT roomBooking/controllers/default.py: 0
[2016-11-14 02:42:38] EDIT roomBooking/controllers/default.py: 0
[2016-11-14 02:42:58] EDIT roomBooking/controllers/default.py: 0
[2016-11-14 02:43:20] EDIT roomBooking/controllers/default.py: 0
[2016-11-14 02:44:00] EDIT roomBooking/controllers/default.py: 0
[2016-11-14 02:44:06] EDIT roomBooking/controllers/default.py: 0
[2016-11-14 02:46:24] EDIT roomBooking/controllers/default.py: 1
[2016-11-14 02:46:30] EDIT roomBooking/controllers/default.py: 0
[2016-11-14 02:46:50] EDIT roomBooking/controllers/default.py: 1
[2016-11-14 02:48:45] EDIT roomBooking/controllers/default.py: 0
[2016-11-14 02:49:32] EDIT roomBooking/controllers/default.py: 1
[2016-11-14 02:50:47] EDIT roomBooking/controllers/default.py: 0
[2016-11-14 02:51:10] EDIT roomBooking/controllers/default.py: 0
[2016-11-14 02:52:27] EDIT roomBooking/controllers/default.py: 0
[2016-11-14 02:52:50] EDIT roomBooking/controllers/default.py: 1
[2016-11-14 02:54:13] EDIT roomBooking/controllers/default.py: 2
[2016-11-14 02:55:27] EDIT roomBooking/controllers/default.py: 0
[2016-11-14 02:56:19] EDIT roomBooking/controllers/default.py: 0
[2016-11-14 02:57:03] EDIT roomBooking/controllers/default.py: 1
[2016-11-14 02:57:35] EDIT roomBooking/controllers/default.py: 0
[2016-11-14 02:57:58] EDIT roomBooking/controllers/default.py: 0
[2016-11-14 02:59:18] EDIT roomBooking/controllers/default.py: 0
[2016-11-14 02:59:32] EDIT roomBooking/controllers/default.py: 0
[2016-11-14 02:59:51] EDIT roomBooking/controllers/default.py: 0
[2016-11-14 03:00:09] EDIT roomBooking/controllers/default.py: 0
[2016-11-14 03:01:31] EDIT roomBooking/controllers/default.py: 0
[2016-11-14 03:02:08] EDIT roomBooking/controllers/default.py: 0
[2016-11-14 03:02:32] EDIT roomBooking/controllers/default.py: 0
[2016-11-14 03:02:52] EDIT roomBooking/controllers/default.py: 0
[2016-11-14 03:02:54] EDIT roomBooking/controllers/default.py: 0
[2016-11-14 03:04:39] EDIT roomBooking/controllers/default.py: 3
[2016-11-14 03:05:15] EDIT roomBooking/controllers/default.py: 1
[2016-11-14 03:05:30] EDIT roomBooking/controllers/default.py: 0
[2016-11-14 03:05:37] EDIT roomBooking/controllers/default.py: -1
[2016-11-14 03:06:33] EDIT roomBooking/controllers/default.py: 1
[2016-11-14 03:06:46] EDIT roomBooking/controllers/default.py: 1
[2016-11-14 03:07:29] EDIT roomBooking/controllers/default.py: 1
[2016-11-14 03:08:20] EDIT roomBooking/controllers/default.py: -2
[2016-11-14 03:08:42] EDIT roomBooking/controllers/default.py: 0
[2016-11-14 03:09:15] EDIT roomBooking/controllers/default.py: 0
[2016-11-14 03:10:00] EDIT roomBooking/controllers/default.py: -1
[2016-11-14 03:12:29] EDIT roomBooking/controllers/default.py: 0
[2016-11-14 03:12:48] EDIT roomBooking/controllers/default.py: -3
[2016-11-14 03:13:09] EDIT roomBooking/controllers/default.py: 0
[2016-11-14 03:14:48] EDIT roomBooking/controllers/default.py: 0
[2016-11-14 03:15:21] EDIT roomBooking/controllers/default.py: 0
[2016-11-14 03:15:51] EDIT roomBooking/controllers/default.py: 0
[2016-11-14 03:17:29] EDIT roomBooking/controllers/default.py: 0
[2016-11-14 03:18:30] EDIT roomBooking/controllers/default.py: 0
[2016-11-14 03:19:43] EDIT roomBooking/controllers/default.py: 0
[2016-11-14 03:20:12] EDIT roomBooking/controllers/default.py: 0
[2016-11-14 03:20:35] EDIT roomBooking/controllers/default.py: 0
[2016-11-14 03:21:00] EDIT roomBooking/controllers/default.py: 0
[2016-11-14 03:21:30] EDIT roomBooking/controllers/default.py: 1
[2016-11-14 03:24:00] EDIT roomBooking/controllers/default.py: 0
[2016-11-14 03:25:56] EDIT roomBooking/views/default/date.html: 0
[2016-11-14 03:25:59] EDIT roomBooking/views/default/date.html: 0
[2016-11-14 03:26:22] EDIT roomBooking/views/default/date.html: 0
[2016-11-14 03:26:39] EDIT roomBooking/views/default/date.html: 0
[2016-11-14 03:30:14] EDIT roomBooking/controllers/default.py: 1
[2016-11-14 03:31:42] EDIT roomBooking/views/default/date.html: 2
[2016-11-14 03:32:50] EDIT roomBooking/controllers/default.py: 0
[2016-11-14 03:34:05] EDIT roomBooking/views/default/date.html: 0
[2016-11-14 03:34:17] EDIT roomBooking/views/default/date.html: 1
[2016-11-14 03:34:23] EDIT roomBooking/views/default/date.html: 1
[2016-11-14 03:34:58] EDIT roomBooking/views/default/date.html: 2
[2016-11-14 03:35:39] EDIT roomBooking/controllers/default.py: 1
[2016-11-14 03:36:16] EDIT roomBooking/views/default/date.html: 0
[2016-11-14 03:37:40] EDIT roomBooking/views/default/date.html: -1
[2016-11-14 03:37:52] EDIT roomBooking/views/default/date.html: 1
[2016-11-14 03:38:32] EDIT roomBooking/views/default/date.html: 0
[2016-11-14 03:40:19] EDIT roomBooking/views/default/date.html: 0
[2016-11-14 03:42:09] EDIT roomBooking/controllers/default.py: 1
[2016-11-14 03:42:33] EDIT roomBooking/controllers/default.py: 0
[2016-11-14 03:42:41] EDIT roomBooking/controllers/default.py: 0
[2016-11-14 03:43:00] EDIT roomBooking/controllers/default.py: 0
[2016-11-14 03:43:22] EDIT roomBooking/controllers/default.py: 1
[2016-11-14 03:43:57] EDIT roomBooking/views/default/date.html: -1
[2016-11-14 03:47:43] EDIT roomBooking/views/default/date.html: 1
[2016-11-14 03:48:29] EDIT roomBooking/views/default/date.html: 0
[2016-11-14 03:48:33] EDIT roomBooking/views/default/date.html: 0
[2016-11-14 03:48:58] EDIT roomBooking/views/default/date.html: -1
[2016-11-14 03:50:01] EDIT roomBooking/views/default/date.html: 1
[2016-11-14 03:51:15] EDIT roomBooking/views/default/date.html: 8
[2016-11-14 03:51:23] EDIT roomBooking/views/default/date.html: 0
[2016-11-14 03:51:32] EDIT roomBooking/views/default/date.html: 0
[2016-11-14 03:51:40] EDIT roomBooking/views/default/date.html: -3
[2016-11-14 03:52:46] EDIT roomBooking/views/default/date.html: 0
[2016-11-14 03:53:11] EDIT roomBooking/views/default/date.html: 0
[2016-11-14 03:54:29] EDIT roomBooking/controllers/default.py: 0
[2016-11-14 03:58:14] EDIT roomBooking/controllers/default.py: 1
[2016-11-14 03:59:16] EDIT roomBooking/models/db1.py: 1
[2016-11-14 04:02:30] EDIT roomBooking/models/db.py: 0
[2016-11-14 04:02:50] EDIT roomBooking/models/db.py: 0
[2016-11-14 04:03:53] EDIT roomBooking/models/db.py: -1
[2016-11-14 04:05:55] EDIT roomBooking/modules/customvalidators.py: -9
[2016-11-14 04:08:42] EDIT roomBooking/models/db.py: -5
[2016-11-14 04:08:52] EDIT roomBooking/models/db.py: 0
[2016-11-14 04:12:14] EDIT roomBooking/models/menu.py: -3
[2016-11-14 04:15:02] CREATE default/Book.html: 0
[2016-11-14 04:16:31] EDIT roomBooking/views/default/Book.html: -1
[2016-11-14 04:18:34] EDIT roomBooking/views/default/room.html: -37
[2016-11-14 04:19:19] EDIT roomBooking/controllers/default.py: -1
[2016-11-14 04:20:05] EDIT roomBooking/views/default/room.html: -7
[2016-11-14 04:20:18] EDIT roomBooking/views/default/room.html: 0
[2016-11-14 04:21:33] EDIT roomBooking/controllers/default.py: -28
[2016-11-14 04:25:55] EDIT roomBooking/views/default/room.html: 7
[2016-11-14 04:52:01] EDIT roomBooking/views/default/index.html: -11
[2016-11-14 04:52:46] EDIT roomBooking/views/default/index.html: 0
[2016-11-14 04:53:04] EDIT roomBooking/views/default/index.html: 0
[2016-11-14 04:53:22] EDIT roomBooking/views/default/index.html: 0
[2016-11-14 04:55:06] EDIT roomBooking/views/default/index.html: 0
[2016-11-14 04:56:27] EDIT roomBooking/views/default/index.html: -9
[2016-11-14 05:00:05] EDIT roomBooking/views/layout.html: 0
[2016-11-14 05:00:08] EDIT roomBooking/views/layout.html: 0
[2016-11-14 05:00:36] EDIT roomBooking/views/default/index.html: 1
[2016-11-14 05:02:46] EDIT roomBooking/views/layout.html: 0
[2016-11-14 05:03:26] EDIT roomBooking/views/layout.html: 0
[2016-11-14 05:06:01] EDIT roomBooking/views/layout.html: 1
[2016-11-14 05:08:57] EDIT roomBooking/views/default/room.html: 6
[2016-11-14 05:10:12] EDIT roomBooking/views/default/room.html: 0
[2016-11-14 05:11:00] EDIT roomBooking/views/default/room.html: 0
[2016-11-14 05:11:32] EDIT roomBooking/views/default/room.html: 0
[2016-11-14 05:11:58] EDIT roomBooking/views/default/room.html: 0
[2016-11-14 05:12:33] EDIT roomBooking/views/default/room.html: -1
